#
# There is insufficient memory for the Java Runtime Environment to continue.
# Native memory allocation (mmap) failed to map 130023424 bytes for G1 virtual space
# Possible reasons:
#   The system is out of physical RAM or swap space
#   The process is running with CompressedOops enabled, and the Java Heap may be blocking the growth of the native heap
# Possible solutions:
#   Reduce memory load on the system
#   Increase physical memory or swap space
#   Check if swap backing store is full
#   Decrease Java heap size (-Xmx/-Xms)
#   Decrease number of Java threads
#   Decrease Java thread stack sizes (-Xss)
#   Set larger code cache with -XX:ReservedCodeCacheSize=
#   JVM is running with Unscaled Compressed Oops mode in which the Java heap is
#     placed in the first 4GB address space. The Java Heap base address is the
#     maximum limit for the native heap growth. Please use -XX:HeapBaseMinAddress
#     to set the Java Heap base and to place the Java Heap above 4GB virtual address.
# This output file may be truncated or incomplete.
#
#  Out of Memory Error (os_windows.cpp:3600), pid=16964, tid=13320
#
# JRE version:  (21.0.1+12) (build )
# Java VM: Java HotSpot(TM) 64-Bit Server VM (21.0.1+12-LTS-29, mixed mode, sharing, tiered, compressed oops, compressed class ptrs, g1 gc, windows-amd64)
# No core dump will be written. Minidumps are not enabled by default on client versions of Windows
#

---------------  S U M M A R Y ------------

Command Line: -agentlib:jdwp=transport=dt_socket,server=n,suspend=y,address=localhost:65238 --enable-preview -XX:+ShowCodeDetailsInExceptionMessages com.tugas.Main

Host: 11th Gen Intel(R) Core(TM) i5-1135G7 @ 2.40GHz, 8 cores, 7G,  Windows 11 , 64 bit Build 22621 (10.0.22621.3235)
Time: Tue Mar 26 04:15:57 2024 SE Asia Standard Time elapsed time: 0.011577 seconds (0d 0h 0m 0s)

---------------  T H R E A D  ---------------

Current thread (0x000002b1c1e793f0):  JavaThread "Unknown thread" [_thread_in_vm, id=13320, stack(0x000000dcbd800000,0x000000dcbd900000) (1024K)]

Stack: [0x000000dcbd800000,0x000000dcbd900000]
Native frames: (J=compiled Java code, j=interpreted, Vv=VM code, C=native code)
V  [jvm.dll+0x6c9029]
V  [jvm.dll+0x854b81]
V  [jvm.dll+0x856e5e]
V  [jvm.dll+0x857543]
V  [jvm.dll+0x280c06]
V  [jvm.dll+0x6c5715]
V  [jvm.dll+0x6ba10a]
V  [jvm.dll+0x3557ea]
V  [jvm.dll+0x35d436]
V  [jvm.dll+0x3ae1be]
V  [jvm.dll+0x3ae468]
V  [jvm.dll+0x3291fc]
V  [jvm.dll+0x329d8b]
V  [jvm.dll+0x81d179]
V  [jvm.dll+0x3bb4f1]
V  [jvm.dll+0x805ae8]
V  [jvm.dll+0x44effe]
V  [jvm.dll+0x450901]
C  [jli.dll+0x52a3]
C  [ucrtbase.dll+0x29363]
C  [KERNEL32.DLL+0x1257d]
C  [ntdll.dll+0x5aa58]


---------------  P R O C E S S  ---------------

Threads class SMR info:
_java_thread_list=0x00007ffd62269b88, length=0, elements={
}

Java Threads: ( => current thread )
Total: 0

Other Threads:
  0x000002b1c1ec9b50 WorkerThread "GC Thread#0"                     [id=16656, stack(0x000000dcbd900000,0x000000dcbda00000) (1024K)]
  0x000002b1c1eda360 ConcurrentGCThread "G1 Main Marker"            [id=14280, stack(0x000000dcbda00000,0x000000dcbdb00000) (1024K)]
  0x000002b1c1edb070 WorkerThread "G1 Conc#0"                       [id=13340, stack(0x000000dcbdb00000,0x000000dcbdc00000) (1024K)]

[error occurred during error reporting (printing all threads), id 0xc0000005, EXCEPTION_ACCESS_VIOLATION (0xc0000005) at pc=0x00007ffd619dc2c7]
VM state: not at safepoint (not fully initialized)

VM Mutex/Monitor currently owned by a thread:  ([mutex/lock_event])
[0x00007ffd622da6f8] Heap_lock - owner thread: 0x000002b1c1e793f0

Heap address: 0x0000000084c00000, size: 1972 MB, Compressed Oops mode: 32-bit

CDS archive(s) mapped at: [0x0000000000000000-0x0000000000000000-0x0000000000000000), size 0, SharedBaseAddress: 0x0000000800000000, ArchiveRelocationMode: 1.
Narrow klass base: 0x0000000000000000, Narrow klass shift: 0, Narrow klass range: 0x0

GC Precious Log:
 CardTable entry size: 512
 Card Set container configuration: InlinePtr #cards 5 size 8 Array Of Cards #cards 12 size 40 Howl #buckets 4 coarsen threshold 1843 Howl Bitmap #cards 512 size 80 coarsen threshold 460 Card regions per heap region 1 cards per card region 2048

Heap:
 garbage-first heap   total 0K, used 0K [0x0000000084c00000, 0x0000000100000000)
  region size 1024K, 0 young (0K), 0 survivors (0K)

[error occurred during error reporting (printing heap information), id 0xc0000005, EXCEPTION_ACCESS_VIOLATION (0xc0000005) at pc=0x00007ffd61dc1be9]
GC Heap History (0 events):
No events

Dll operation events (1 events):
Event: 0.007 Loaded shared library C:\Program Files\Java\jdk-21\bin\java.dll

Deoptimization events (0 events):
No events

Classes loaded (0 events):
No events

Classes unloaded (0 events):
No events

Classes redefined (0 events):
No events

Internal exceptions (0 events):
No events

ZGC Phase Switch (0 events):
No events

VM Operations (0 events):
No events

Events (0 events):
No events


Dynamic libraries:
0x00007ff646a00000 - 0x00007ff646a10000 	C:\Program Files\Java\jdk-21\bin\java.exe
0x00007ffe07790000 - 0x00007ffe079a6000 	C:\WINDOWS\SYSTEM32\ntdll.dll
0x00007ffe06c20000 - 0x00007ffe06ce4000 	C:\WINDOWS\System32\KERNEL32.DLL
0x00007ffe04c40000 - 0x00007ffe04fe6000 	C:\WINDOWS\System32\KERNELBASE.dll
0x00007ffe05350000 - 0x00007ffe05461000 	C:\WINDOWS\System32\ucrtbase.dll
0x00007ffdea900000 - 0x00007ffdea91b000 	C:\Program Files\Java\jdk-21\bin\VCRUNTIME140.dll
0x00007ffdef820000 - 0x00007ffdef839000 	C:\Program Files\Java\jdk-21\bin\jli.dll
0x00007ffe06df0000 - 0x00007ffe06ea2000 	C:\WINDOWS\System32\ADVAPI32.dll
0x00007ffe070f0000 - 0x00007ffe07197000 	C:\WINDOWS\System32\msvcrt.dll
0x00007ffe065c0000 - 0x00007ffe06668000 	C:\WINDOWS\System32\sechost.dll
0x00007ffe05130000 - 0x00007ffe05158000 	C:\WINDOWS\System32\bcrypt.dll
0x00007ffe06fb0000 - 0x00007ffe070c5000 	C:\WINDOWS\System32\RPCRT4.dll
0x00007ffe075a0000 - 0x00007ffe0774d000 	C:\WINDOWS\System32\USER32.dll
0x00007ffe05280000 - 0x00007ffe052a6000 	C:\WINDOWS\System32\win32u.dll
0x00007ffdea1b0000 - 0x00007ffdea443000 	C:\WINDOWS\WinSxS\amd64_microsoft.windows.common-controls_6595b64144ccf1df_6.0.22621.3235_none_270f74e173860f98\COMCTL32.dll
0x00007ffe07380000 - 0x00007ffe073a9000 	C:\WINDOWS\System32\GDI32.dll
0x00007ffe05160000 - 0x00007ffe05278000 	C:\WINDOWS\System32\gdi32full.dll
0x00007ffe052b0000 - 0x00007ffe0534a000 	C:\WINDOWS\System32\msvcp_win.dll
0x00007ffdfa290000 - 0x00007ffdfa29a000 	C:\WINDOWS\SYSTEM32\VERSION.dll
0x00007ffe06bd0000 - 0x00007ffe06c01000 	C:\WINDOWS\System32\IMM32.DLL
0x00007ffdfb930000 - 0x00007ffdfb93c000 	C:\Program Files\Java\jdk-21\bin\vcruntime140_1.dll
0x00007ffdbc070000 - 0x00007ffdbc0fe000 	C:\Program Files\Java\jdk-21\bin\msvcp140.dll
0x00007ffd616a0000 - 0x00007ffd623b5000 	C:\Program Files\Java\jdk-21\bin\server\jvm.dll
0x00007ffe054e0000 - 0x00007ffe05551000 	C:\WINDOWS\System32\WS2_32.dll
0x00007ffe03960000 - 0x00007ffe039ad000 	C:\WINDOWS\SYSTEM32\POWRPROF.dll
0x00007ffdfa640000 - 0x00007ffdfa674000 	C:\WINDOWS\SYSTEM32\WINMM.dll
0x00007ffe03940000 - 0x00007ffe03953000 	C:\WINDOWS\SYSTEM32\UMPDC.dll
0x00007ffe03ba0000 - 0x00007ffe03bb8000 	C:\WINDOWS\SYSTEM32\kernel.appcore.dll
0x00007ffdfb900000 - 0x00007ffdfb90a000 	C:\Program Files\Java\jdk-21\bin\jimage.dll
0x00007ffe02420000 - 0x00007ffe02653000 	C:\WINDOWS\SYSTEM32\DBGHELP.DLL
0x00007ffe061d0000 - 0x00007ffe06558000 	C:\WINDOWS\System32\combase.dll
0x00007ffe06af0000 - 0x00007ffe06bc7000 	C:\WINDOWS\System32\OLEAUT32.dll
0x00007ffdd6a90000 - 0x00007ffdd6ac2000 	C:\WINDOWS\SYSTEM32\dbgcore.DLL
0x00007ffe04ff0000 - 0x00007ffe0506a000 	C:\WINDOWS\System32\bcryptPrimitives.dll
0x00007ffdd65a0000 - 0x00007ffdd65dc000 	C:\Program Files\Java\jdk-21\bin\jdwp.dll
0x00007ffde3fe0000 - 0x00007ffde3fff000 	C:\Program Files\Java\jdk-21\bin\java.dll

dbghelp: loaded successfully - version: 4.0.5 - missing functions: none
symbol engine: initialized successfully - sym options: 0x614 - pdb path: .;C:\Program Files\Java\jdk-21\bin;C:\WINDOWS\SYSTEM32;C:\WINDOWS\WinSxS\amd64_microsoft.windows.common-controls_6595b64144ccf1df_6.0.22621.3235_none_270f74e173860f98;C:\Program Files\Java\jdk-21\bin\server

VM Arguments:
jvm_args: -agentlib:jdwp=transport=dt_socket,server=n,suspend=y,address=localhost:65238 --enable-preview -XX:+ShowCodeDetailsInExceptionMessages 
java_command: com.tugas.Main
java_class_path (initial): C:\1Tugass\SEMESTER 2\PRAK PBO\TUGASSSSSS\bin
Launcher Type: SUN_STANDARD

[Global flags]
     intx CICompilerCount                          = 4                                         {product} {ergonomic}
     uint ConcGCThreads                            = 2                                         {product} {ergonomic}
     uint G1ConcRefinementThreads                  = 8                                         {product} {ergonomic}
   size_t G1HeapRegionSize                         = 1048576                                   {product} {ergonomic}
    uintx GCDrainStackTargetSize                   = 64                                        {product} {ergonomic}
   size_t InitialHeapSize                          = 130023424                                 {product} {ergonomic}
   size_t MarkStackSize                            = 4194304                                   {product} {ergonomic}
   size_t MaxHeapSize                              = 2067791872                                {product} {ergonomic}
   size_t MinHeapDeltaBytes                        = 1048576                                   {product} {ergonomic}
   size_t MinHeapSize                              = 8388608                                   {product} {ergonomic}
    uintx NonNMethodCodeHeapSize                   = 5839372                                {pd product} {ergonomic}
    uintx NonProfiledCodeHeapSize                  = 122909434                              {pd product} {ergonomic}
    uintx ProfiledCodeHeapSize                     = 122909434                              {pd product} {ergonomic}
    uintx ReservedCodeCacheSize                    = 251658240                              {pd product} {ergonomic}
     bool SegmentedCodeCache                       = true                                      {product} {ergonomic}
     bool ShowCodeDetailsInExceptionMessages       = true                                   {manageable} {command line}
   size_t SoftMaxHeapSize                          = 2067791872                             {manageable} {ergonomic}
     bool UseCompressedOops                        = true                           {product lp64_product} {ergonomic}
     bool UseG1GC                                  = true                                      {product} {ergonomic}
     bool UseLargePagesIndividualAllocation        = false                                  {pd product} {ergonomic}

Logging:
Log output configuration:
 #0: stdout all=warning uptime,level,tags foldmultilines=false
 #1: stderr all=off uptime,level,tags foldmultilines=false

Environment Variables:
PATH=C:\Program Files\Common Files\Oracle\Java\javapath;C:\Program Files (x86)\Falcon\MinGW\bin;C:\Windows\system32;C:\Windows;C:\Windows\System32\Wbem;C:\Windows\System32\WindowsPowerShell\v1.0\;C:\Windows\System32\OpenSSH\;C:\WINDOWS\system32;C:\WINDOWS;C:\WINDOWS\System32\Wbem;C:\WINDOWS\System32\WindowsPowerShell\v1.0\;C:\WINDOWS\System32\OpenSSH\;C:\MinGW\bin;C:\Program Files\Git\cmd;C:\Users\match\AppData\Local\Microsoft\WindowsApps;C:\Users\match\AppData\Local\Programs\Microsoft VS Code\bin;C:\MinGW\bin;;C:\Program Files\JetBrains\IntelliJ IDEA 2023.3.2\bin;;C:\Program Files\JetBrains\IntelliJ IDEA Community Edition 2023.3.2\bin;;C:\Program Files (x86)\Nmap
USERNAME=match
LANG=en_US.UTF-8
OS=Windows_NT
PROCESSOR_IDENTIFIER=Intel64 Family 6 Model 140 Stepping 1, GenuineIntel
TMP=C:\Users\match\AppData\Local\Temp
TEMP=C:\Users\match\AppData\Local\Temp




Periodic native trim disabled

---------------  S Y S T E M  ---------------

OS:
 Windows 11 , 64 bit Build 22621 (10.0.22621.3235)
OS uptime: 4 days 8:51 hours

CPU: total 8 (initial active 8) (4 cores per cpu, 2 threads per core) family 6 model 140 stepping 1 microcode 0x86, cx8, cmov, fxsr, ht, mmx, 3dnowpref, sse, sse2, sse3, ssse3, sse4.1, sse4.2, popcnt, lzcnt, tsc, tscinvbit, avx, avx2, aes, erms, clmul, bmi1, bmi2, adx, avx512f, avx512dq, avx512cd, avx512bw, avx512vl, sha, fma, vzeroupper, avx512_vpopcntdq, avx512_vpclmulqdq, avx512_vaes, avx512_vnni, clflush, clflushopt, clwb, avx512_vbmi2, avx512_vbmi, rdtscp, rdpid, fsrm, gfni, avx512_bitalg, f16c, pku, cet_ibt, cet_ss, avx512_ifma
Processor Information for all 8 processors :
  Max Mhz: 2419, Current Mhz: 2419, Mhz Limit: 2419

Memory: 4k page, system-wide physical 7884M (742M free)
TotalPageFile size 16076M (AvailPageFile size 10M)
current process WorkingSet (physical memory assigned to process): 11M, peak: 11M
current process commit charge ("private bytes"): 60M, peak: 184M

vm_info: Java HotSpot(TM) 64-Bit Server VM (21.0.1+12-LTS-29) for windows-amd64 JRE (21.0.1+12-LTS-29), built on 2023-10-05T13:27:09Z by "mach5one" with MS VC++ 17.1 (VS2022)

END.
