#
# A fatal error has been detected by the Java Runtime Environment:
#
#  EXCEPTION_ACCESS_VIOLATION (0xc0000005) at pc=0x00007ffdee571bc5, pid=9080, tid=9852
#
# JRE version:  (21.0.1+12) (build )
# Java VM: Java HotSpot(TM) 64-Bit Server VM (21.0.1+12-LTS-29, mixed mode, sharing, tiered, compressed class ptrs, unknown gc, windows-amd64)
# Problematic frame:
# C  [jimage.dll+0x1bc5]
#
# No core dump will be written. Minidumps are not enabled by default on client versions of Windows
#
#

---------------  S U M M A R Y ------------

Command Line: 

Host: 11th Gen Intel(R) Core(TM) i5-1135G7 @ 2.40GHz, 8 cores, 7G,  Windows 11 , 64 bit Build 22621 (10.0.22621.3235)
Time: Mon Mar 25 23:53:26 2024 SE Asia Standard Time elapsed time: 0.008720 seconds (0d 0h 0m 0s)

---------------  T H R E A D  ---------------

Current thread is native thread

Stack: [0x000000818bc00000,0x000000818bd00000],  sp=0x000000818bcfd220,  free space=1012k
Native frames: (J=compiled Java code, j=interpreted, Vv=VM code, C=native code)
C  [jimage.dll+0x1bc5]


siginfo: EXCEPTION_ACCESS_VIOLATION (0xc0000005), reading address 0x000000000000cdac


Registers:
RAX=0x0000000000003364, RBX=0x000000818bcfd311, RCX=0x00007ffdee576000, RDX=0x0000000000003364
RSP=0x000000818bcfd220, RBP=0x000000818bcfd310, RSI=0x0000000000007704, RDI=0x000000818bcfd310
R8 =0x00007ffdee574298, R9 =0x000000000000001c, R10=0x00007ffdc4f10000, R11=0x00007ffdee576000
R12=0x0000000000000000, R13=0x000000818bcff790, R14=0x000000818bcfe380, R15=0x00007ffdbb5c19e8
RIP=0x00007ffdee571bc5, EFLAGS=0x0000000000010246


Top of Stack: (sp=0x000000818bcfd220)
0x000000818bcfd220:   0000000000000000 0000000000000000
0x000000818bcfd230:   000000810002c898 00007ffe077b6637
0x000000818bcfd240:   000001a9ea0c07f0 00007ffdee571d53
0x000000818bcfd250:   000000000000000b 000001a9ea0c07f0
0x000000818bcfd260:   000001a9ea0cfa30 000001a9ea0c73f0
0x000000818bcfd270:   0000000000000001 00007ffe077bc3f8
0x000000818bcfd280:   0000000000000000 0000000000000001
0x000000818bcfd290:   0000000000000000 000001a9ea0cfa30
0x000000818bcfd2a0:   00007ffe7b1318c8 0000008100000000
0x000000818bcfd2b0:   000088b547aa9219 00007ffe077a45c4
0x000000818bcfd2c0:   00007ffdbb59f460 0000000000000017
0x000000818bcfd2d0:   000001a9ea0c07f0 000000818bcfe380
0x000000818bcfd2e0:   000000000000000b 00007ffdee57261d
0x000000818bcfd2f0:   000001a9ea0c73f0 000001a9ea0cfa30
0x000000818bcfd300:   0000000000000000 00007ffe061d00f8
0x000000818bcfd310:   61622e6176616a2f 692f6b646a2f6573
0x000000818bcfd320:   2f6c616e7265746e 6f6974706f2f6d76
0x000000818bcfd330:   000001a9ea00736e 000001a9ea0be420
0x000000818bcfd340:   000000818bcfd890 00007ffe077b6508
0x000000818bcfd350:   0000000000000000 00000000c000012d
0x000000818bcfd360:   0000000000000000 0000000000000000
0x000000818bcfd370:   000001a9ea0cf3f0 000001a9ea0b99f0
0x000000818bcfd380:   000000818bcfdef8 00007ffe078c6890
0x000000818bcfd390:   00007ffe078c5f40 0000000000000020
0x000000818bcfd3a0:   c000012d00010000 004c010000000200
0x000000818bcfd3b0:   0000000000450045 7b1318c8c000012d
0x000000818bcfd3c0:   0000008100000200 0000000000000000
0x000000818bcfd3d0:   000000818bcfe0a0 0000000000000016
0x000000818bcfd3e0:   0000000000000000 000000000000002a
0x000000818bcfd3f0:   0000000000000000 0000000000000003
0x000000818bcfd400:   000000818bcfd630 000000818bcfd9e8
0x000000818bcfd410:   0000000000000000 7b1318c8ffffffff 

Instructions: (pc=0x00007ffdee571bc5)
0x00007ffdee571ac5:   48 85 c9 74 1d 80 3d 3f 45 00 00 00 74 06 48 8b
0x00007ffdee571ad5:   53 18 eb 04 48 8b 53 40 e8 9a 0e 00 00 48 83 63
0x00007ffdee571ae5:   48 00 8b 4b 0c 83 f9 ff 74 09 e8 d0 0c 00 00 83
0x00007ffdee571af5:   4b 0c ff 48 8b 4b 70 48 85 c9 74 0f ba 10 00 00
0x00007ffdee571b05:   00 e8 f1 0e 00 00 48 83 63 70 00 48 83 c4 20 5b
0x00007ffdee571b15:   c3 cc cc 40 53 48 83 ec 20 48 8b d9 48 8d 0d f8
0x00007ffdee571b25:   46 00 00 e8 9f 0c 00 00 83 6b 08 01 75 24 48 8b
0x00007ffdee571b35:   d3 48 8d 0d db 44 00 00 e8 22 08 00 00 48 8b cb
0x00007ffdee571b45:   e8 d6 fe ff ff ba 78 00 00 00 48 8b cb e8 a5 0e
0x00007ffdee571b55:   00 00 48 8d 0d c2 46 00 00 48 83 c4 20 5b e9 6c
0x00007ffdee571b65:   0c 00 00 48 89 5c 24 08 48 89 74 24 10 57 48 83
0x00007ffdee571b75:   ec 20 41 8b f1 4d 8b c8 48 8b fa 4c 8b d9 4d 85
0x00007ffdee571b85:   c0 74 78 85 f6 74 74 44 8a 12 48 8d 5a 01 48 8b
0x00007ffdee571b95:   d3 b8 93 01 00 01 eb 12 69 c0 93 01 00 01 41 0f
0x00007ffdee571ba5:   b6 ca 44 8a 12 33 c1 48 ff c2 45 84 d2 75 e9 4d
0x00007ffdee571bb5:   8b 03 0f ba f0 1f 33 d2 49 8b cb f7 f6 48 63 c2
0x00007ffdee571bc5:   41 8b 14 81 41 ff 50 08 85 c0 7e 24 8a 0f eb 10
0x00007ffdee571bd5:   69 c0 93 01 00 01 0f b6 c9 33 c1 8a 0b 48 ff c3
0x00007ffdee571be5:   84 c9 75 ec 0f ba f0 1f 33 d2 f7 f6 8b c2 eb 0e
0x00007ffdee571bf5:   79 09 83 c9 ff 2b c8 8b c1 eb 03 83 c8 ff 48 8b
0x00007ffdee571c05:   5c 24 30 48 8b 74 24 38 48 83 c4 20 5f c3 cc 48
0x00007ffdee571c15:   89 5c 24 08 48 89 74 24 10 57 48 83 ec 20 48 8b
0x00007ffdee571c25:   f1 48 8d 0d f3 45 00 00 e8 9a 0b 00 00 33 ff 39
0x00007ffdee571c35:   3d de 43 00 00 76 24 48 8b 05 dd 43 00 00 48 8b
0x00007ffdee571c45:   d6 48 8b 1c f8 48 8b 0b e8 68 1e 00 00 85 c0 74
0x00007ffdee571c55:   2b ff c7 3b 3d ba 43 00 00 72 dc 33 db 48 8d 0d
0x00007ffdee571c65:   b7 45 00 00 e8 66 0b 00 00 48 8b 74 24 38 48 8b
0x00007ffdee571c75:   c3 48 8b 5c 24 30 48 83 c4 20 5f c3 ff 43 08 eb
0x00007ffdee571c85:   dc cc cc 48 89 5c 24 08 48 89 74 24 10 57 48 83
0x00007ffdee571c95:   ec 20 48 8b d9 48 8b f2 48 8b 49 10 49 8b f8 8b
0x00007ffdee571ca5:   53 30 48 8b 01 ff 50 20 4c 8b 43 50 48 8b d6 48
0x00007ffdee571cb5:   8b 4b 10 44 8b c8 e8 a8 fe ff ff 83 f8 ff 74 38 



---------------  P R O C E S S  ---------------

VM state: not at safepoint (not fully initialized)

VM Mutex/Monitor currently owned by a thread: None

CDS archive(s) mapped at: [0x0000000000000000-0x0000000000000000-0x0000000000000000), size 0, SharedBaseAddress: 0x0000000800000000, ArchiveRelocationMode: 1.
Narrow klass base: 0x0000000000000000, Narrow klass shift: 0, Narrow klass range: 0x0

GC Precious Log:
<Not initialized>


Dynamic libraries:
0x00007ff6a1290000 - 0x00007ff6a12a0000 	C:\Program Files\Java\jdk-21\bin\java.exe
0x00007ffe07790000 - 0x00007ffe079a6000 	C:\WINDOWS\SYSTEM32\ntdll.dll
0x00007ffe06c20000 - 0x00007ffe06ce4000 	C:\WINDOWS\System32\KERNEL32.DLL
0x00007ffe04c40000 - 0x00007ffe04fe6000 	C:\WINDOWS\System32\KERNELBASE.dll
0x00007ffe05350000 - 0x00007ffe05461000 	C:\WINDOWS\System32\ucrtbase.dll
0x00007ffdc4f10000 - 0x00007ffdc4f2b000 	C:\Program Files\Java\jdk-21\bin\VCRUNTIME140.dll
0x00007ffdc4630000 - 0x00007ffdc4649000 	C:\Program Files\Java\jdk-21\bin\jli.dll
0x00007ffe06df0000 - 0x00007ffe06ea2000 	C:\WINDOWS\System32\ADVAPI32.dll
0x00007ffe070f0000 - 0x00007ffe07197000 	C:\WINDOWS\System32\msvcrt.dll
0x00007ffe065c0000 - 0x00007ffe06668000 	C:\WINDOWS\System32\sechost.dll
0x00007ffe05130000 - 0x00007ffe05158000 	C:\WINDOWS\System32\bcrypt.dll
0x00007ffe06fb0000 - 0x00007ffe070c5000 	C:\WINDOWS\System32\RPCRT4.dll
0x00007ffe075a0000 - 0x00007ffe0774d000 	C:\WINDOWS\System32\USER32.dll
0x00007ffe05280000 - 0x00007ffe052a6000 	C:\WINDOWS\System32\win32u.dll
0x00007ffdea1b0000 - 0x00007ffdea443000 	C:\WINDOWS\WinSxS\amd64_microsoft.windows.common-controls_6595b64144ccf1df_6.0.22621.3235_none_270f74e173860f98\COMCTL32.dll
0x00007ffe07380000 - 0x00007ffe073a9000 	C:\WINDOWS\System32\GDI32.dll
0x00007ffe05160000 - 0x00007ffe05278000 	C:\WINDOWS\System32\gdi32full.dll
0x00007ffe052b0000 - 0x00007ffe0534a000 	C:\WINDOWS\System32\msvcp_win.dll
0x00007ffdfa290000 - 0x00007ffdfa29a000 	C:\WINDOWS\SYSTEM32\VERSION.dll
0x00007ffe06bd0000 - 0x00007ffe06c01000 	C:\WINDOWS\System32\IMM32.DLL
0x00007ffdef1b0000 - 0x00007ffdef1bc000 	C:\Program Files\Java\jdk-21\bin\vcruntime140_1.dll
0x00007ffdbee10000 - 0x00007ffdbee9e000 	C:\Program Files\Java\jdk-21\bin\msvcp140.dll
0x00007ffdbac10000 - 0x00007ffdbb925000 	C:\Program Files\Java\jdk-21\bin\server\jvm.dll
0x00007ffe054e0000 - 0x00007ffe05551000 	C:\WINDOWS\System32\WS2_32.dll
0x00007ffe03960000 - 0x00007ffe039ad000 	C:\WINDOWS\SYSTEM32\POWRPROF.dll
0x00007ffdfa640000 - 0x00007ffdfa674000 	C:\WINDOWS\SYSTEM32\WINMM.dll
0x00007ffe03940000 - 0x00007ffe03953000 	C:\WINDOWS\SYSTEM32\UMPDC.dll
0x00007ffe03ba0000 - 0x00007ffe03bb8000 	C:\WINDOWS\SYSTEM32\kernel.appcore.dll
0x00007ffdee570000 - 0x00007ffdee57a000 	C:\Program Files\Java\jdk-21\bin\jimage.dll

dbghelp: loading error: 1455
symbol engine: initialization error.

VM Arguments:
java_command: <unknown>
java_class_path (initial): <not set>
Launcher Type: SUN_STANDARD

[Global flags]
     bool UseLargePagesIndividualAllocation        = false                                  {pd product} {ergonomic}

Logging:
Log output configuration:
 #0: stdout all=warning uptime,level,tags foldmultilines=false
 #1: stderr all=off uptime,level,tags foldmultilines=false

Environment Variables:
PATH=C:\Program Files\Common Files\Oracle\Java\javapath;C:\Program Files (x86)\Falcon\MinGW\bin;C:\Windows\system32;C:\Windows;C:\Windows\System32\Wbem;C:\Windows\System32\WindowsPowerShell\v1.0\;C:\Windows\System32\OpenSSH\;C:\WINDOWS\system32;C:\WINDOWS;C:\WINDOWS\System32\Wbem;C:\WINDOWS\System32\WindowsPowerShell\v1.0\;C:\WINDOWS\System32\OpenSSH\;C:\MinGW\bin;C:\Program Files\Git\cmd;C:\Users\match\AppData\Local\Microsoft\WindowsApps;C:\Users\match\AppData\Local\Programs\Microsoft VS Code\bin;C:\MinGW\bin;;C:\Program Files\JetBrains\IntelliJ IDEA 2023.3.2\bin;;C:\Program Files\JetBrains\IntelliJ IDEA Community Edition 2023.3.2\bin;;C:\Program Files (x86)\Nmap
USERNAME=match
LANG=en_US.UTF-8
OS=Windows_NT
PROCESSOR_IDENTIFIER=Intel64 Family 6 Model 140 Stepping 1, GenuineIntel
TMP=C:\Users\match\AppData\Local\Temp
TEMP=C:\Users\match\AppData\Local\Temp




Periodic native trim disabled

---------------  S Y S T E M  ---------------

OS:
 Windows 11 , 64 bit Build 22621 (10.0.22621.3235)
OS uptime: 4 days 4:29 hours

CPU: total 8 (initial active 0) 
Processor Information for all 8 processors :
  Max Mhz: 2419, Current Mhz: 2419, Mhz Limit: 2419

Memory: 4k page, system-wide physical 7884M (474M free)
TotalPageFile size 16076M (AvailPageFile size 10M)
current process WorkingSet (physical memory assigned to process): 6M, peak: 6M
current process commit charge ("private bytes"): 2M, peak: 2M

vm_info: Java HotSpot(TM) 64-Bit Server VM (21.0.1+12-LTS-29) for windows-amd64 JRE (21.0.1+12-LTS-29), built on 2023-10-05T13:27:09Z by "mach5one" with MS VC++ 17.1 (VS2022)

END.
